<?xml version="1.0" encoding="UTF-8"?>
<!-- Generated by org.testng.reporters.JUnitReportReporter -->
<testsuite skipped="0" hostname="LAPTOP-5SP4H5EP" name="testNG_learn2.Create_Lead_inter" tests="2" failures="0" timestamp="07 Feb 2018 15:06:18 GMT" time="60.714" errors="0">
  <testcase name="Create_LeadMeth" time="33.577" classname="testNG_learn2.Create_Lead_inter"/>
  <testcase name="Create_LeadMeth" time="27.137" classname="testNG_learn2.Create_Lead_inter"/>
</testsuite> <!-- testNG_learn2.Create_Lead_inter -->
