<?xml version="1.0" encoding="UTF-8"?>
<!-- Generated by org.testng.reporters.JUnitReportReporter -->
<testsuite skipped="0" hostname="LAPTOP-5SP4H5EP" name="testNG_Learn.EditLead" tests="1" failures="0" timestamp="03 Feb 2018 15:14:04 GMT" time="21.221" errors="0">
  <testcase name="EditLead" time="21.221" classname="testNG_Learn.EditLead"/>
</testsuite> <!-- testNG_Learn.EditLead -->
