<?xml version="1.0" encoding="UTF-8"?>
<!-- Generated by org.testng.reporters.JUnitReportReporter -->
<testsuite skipped="0" hostname="LAPTOP-5SP4H5EP" name="testNG_Learn.DeleteLead" tests="1" failures="0" timestamp="03 Feb 2018 15:15:23 GMT" time="23.254" errors="0">
  <testcase name="deleteLead" time="23.254" classname="testNG_Learn.DeleteLead"/>
</testsuite> <!-- testNG_Learn.DeleteLead -->
