<?xml version="1.0" encoding="UTF-8"?>
<!-- Generated by org.testng.reporters.JUnitReportReporter -->
<testsuite skipped="0" hostname="LAPTOP-5SP4H5EP" name="testNG_Learn.Create_Lead_inter_threadcount" tests="1" failures="0" timestamp="03 Feb 2018 17:45:21 GMT" time="27.398" errors="0">
  <testcase name="Create_LeadMeth" time="27.398" classname="testNG_Learn.Create_Lead_inter_threadcount"/>
</testsuite> <!-- testNG_Learn.Create_Lead_inter_threadcount -->
