<?xml version="1.0" encoding="UTF-8"?>
<!-- Generated by org.testng.reporters.JUnitReportReporter -->
<testsuite skipped="0" hostname="LAPTOP-5SP4H5EP" name="projectDay.DeleteLead" tests="1" failures="0" timestamp="03 Feb 2018 04:45:36 GMT" time="27.959" errors="0">
  <testcase name="deleteLead" time="27.959" classname="projectDay.DeleteLead"/>
</testsuite> <!-- projectDay.DeleteLead -->
