<?xml version="1.0" encoding="UTF-8"?>
<!-- Generated by org.testng.reporters.JUnitReportReporter -->
<testsuite skipped="0" hostname="LAPTOP-5SP4H5EP" name="testCases.Login" tests="1" failures="0" timestamp="03 Feb 2018 04:27:24 GMT" time="7.649" errors="0">
  <testcase name="login" time="7.649" classname="testCases.Login"/>
</testsuite> <!-- testCases.Login -->
