<?xml version="1.0" encoding="UTF-8"?>
<!-- Generated by org.testng.reporters.JUnitReportReporter -->
<testsuite skipped="0" hostname="LAPTOP-5SP4H5EP" name="testCases.Create_Lead_inter" tests="1" failures="0" timestamp="03 Feb 2018 04:27:24 GMT" time="19.353" errors="0">
  <testcase name="Create_LeadMeth" time="19.353" classname="testCases.Create_Lead_inter"/>
</testsuite> <!-- testCases.Create_Lead_inter -->
