<?xml version="1.0" encoding="UTF-8"?>
<!-- Generated by org.testng.reporters.JUnitReportReporter -->
<testsuite skipped="0" hostname="LAPTOP-5SP4H5EP" name="projectDay.Create_Lead_POM" tests="1" failures="0" timestamp="12 Feb 2018 17:52:14 GMT" time="25.207" errors="0">
  <testcase name="Create_LeadMeth" time="25.207" classname="projectDay.Create_Lead_POM"/>
</testsuite> <!-- projectDay.Create_Lead_POM -->
