<?xml version="1.0" encoding="UTF-8"?>
<!-- Generated by org.testng.reporters.JUnitReportReporter -->
<testsuite skipped="0" hostname="LAPTOP-5SP4H5EP" name="projectDay.DuplicateLead" tests="1" failures="0" timestamp="03 Feb 2018 04:45:36 GMT" time="50.949" errors="0">
  <testcase name="duplicateLead" time="50.949" classname="projectDay.DuplicateLead"/>
</testsuite> <!-- projectDay.DuplicateLead -->
