<?xml version="1.0" encoding="UTF-8"?>
<!-- Generated by org.testng.reporters.JUnitReportReporter -->
<testsuite skipped="0" hostname="LAPTOP-5SP4H5EP" name="testCases.DuplicateLead" tests="1" failures="0" timestamp="03 Feb 2018 04:27:24 GMT" time="20.212" errors="0">
  <testcase name="duplicate" time="20.212" classname="testCases.DuplicateLead"/>
</testsuite> <!-- testCases.DuplicateLead -->
