<?xml version="1.0" encoding="UTF-8"?>
<!-- Generated by org.testng.reporters.JUnitReportReporter -->
<testsuite skipped="0" hostname="LAPTOP-5SP4H5EP" name="testNG_Learn.Create_Lead_inter" tests="2" failures="0" timestamp="03 Feb 2018 15:19:18 GMT" time="33.907" errors="0">
  <testcase name="Create_LeadMeth" time="16.905" classname="testNG_Learn.Create_Lead_inter"/>
  <testcase name="Create_LeadMeth" time="17.002" classname="testNG_Learn.Create_Lead_inter"/>
</testsuite> <!-- testNG_Learn.Create_Lead_inter -->
