<?xml version="1.0" encoding="UTF-8"?>
<!-- Generated by org.testng.reporters.JUnitReportReporter -->
<testsuite skipped="0" hostname="LAPTOP-5SP4H5EP" name="testNG_Learn.DeleteLead_tC" tests="1" failures="0" timestamp="03 Feb 2018 17:39:40 GMT" time="41.585" errors="0">
  <testcase name="deleteLead" time="41.585" classname="testNG_Learn.DeleteLead_tC"/>
</testsuite> <!-- testNG_Learn.DeleteLead_tC -->
